<?xml version="1.0" encoding="UTF-8"?>
<testsuite xmlns:xsi="http://www.w3.org/2001/XMLSchema-instance" xsi:noNamespaceSchemaLocation="https://maven.apache.org/surefire/maven-surefire-plugin/xsd/surefire-test-report-3.0.xsd" version="3.0" name="med.voll.api.domain.medico.MedicoRepositoryTest" time="1.804" tests="2" errors="0" skipped="0" failures="0">
  <properties>
[...]
</properties>
  <testcase name="seleccionarMedicoConEspecialidadEnFechaEscenario1" classname="med.voll.api.domain.medico.MedicoRepositoryTest" time="0.471">
    <system-out><![CDATA[2023-09-08T09:32:03.950-06:00  INFO 18116 --- [           main] t.c.s.AnnotationConfigContextLoaderUtils : Could not detect default configuration classes for test class [med.voll.api.domain.medico.MedicoRepositoryTest]: MedicoRepositoryTest does not declare any static, non-private, non-final, nested classes annotated with @Configuration.
2023-09-08T09:32:04.030-06:00  INFO 18116 --- [           main] .b.t.c.SpringBootTestContextBootstrapper : Found @SpringBootConfiguration med.voll.api.ApiApplication for test class med.voll.api.domain.medico.MedicoRepositoryTest

  .   ____          _            __ _ _
 /\\ / ___'_ __ _ _(_)_ __  __ _ \ \ \ \
( ( )\___ | '_ | '_| | '_ \/ _` | \ \ \ \
 \\/  ___)| |_)| | | | | || (_| |  ) ) ) )
  '  |____| .__|_| |_|_| |_\__, | / / / /
 =========|_|==============|___/=/_/_/_/
 :: Spring Boot ::                (v3.1.2)

2023-09-08T09:32:04.127-06:00  INFO 18116 --- [           main] m.v.a.d.medico.MedicoRepositoryTest      : Starting MedicoRepositoryTest using Java 17.0.4.1 with PID 18116 (started by Hp01 in C:\Users\Hp01\OneDrive\Escritorio\Cursos\Alura\JavaBackend-SpringBoot\SpringBoot3DocumentarProbarYprepararAPIClinica3paraImplementacion\SpringBoot3MejoresPracticasYProtejaAPIRestClinica2)
2023-09-08T09:32:04.128-06:00  INFO 18116 --- [           main] m.v.a.d.medico.MedicoRepositoryTest      : The following 1 profile is active: "test"
2023-09-08T09:32:04.391-06:00  INFO 18116 --- [           main] .s.d.r.c.RepositoryConfigurationDelegate : Bootstrapping Spring Data JPA repositories in DEFAULT mode.
2023-09-08T09:32:04.416-06:00  INFO 18116 --- [           main] .s.d.r.c.RepositoryConfigurationDelegate : Finished Spring Data repository scanning in 24 ms. Found 4 JPA repository interfaces.
2023-09-08T09:32:04.514-06:00  INFO 18116 --- [           main] com.zaxxer.hikari.HikariDataSource       : HikariPool-2 - Starting...
2023-09-08T09:32:04.548-06:00  INFO 18116 --- [           main] com.zaxxer.hikari.pool.HikariPool        : HikariPool-2 - Added connection com.mysql.cj.jdbc.ConnectionImpl@8d44ee6
2023-09-08T09:32:04.549-06:00  INFO 18116 --- [           main] com.zaxxer.hikari.HikariDataSource       : HikariPool-2 - Start completed.
2023-09-08T09:32:04.550-06:00  INFO 18116 --- [           main] o.f.c.i.database.base.BaseDatabaseType   : Database: jdbc:mysql://localhost/vollmed_api_test (MySQL 8.0)
2023-09-08T09:32:04.585-06:00  INFO 18116 --- [           main] o.f.core.internal.command.DbValidate     : Successfully validated 6 migrations (execution time 00:00.016s)
2023-09-08T09:32:04.610-06:00  INFO 18116 --- [           main] o.f.core.internal.command.DbMigrate      : Current version of schema `vollmed_api_test`: 6
2023-09-08T09:32:04.611-06:00  INFO 18116 --- [           main] o.f.core.internal.command.DbMigrate      : Schema `vollmed_api_test` is up to date. No migration necessary.
2023-09-08T09:32:04.656-06:00  INFO 18116 --- [           main] o.hibernate.jpa.internal.util.LogHelper  : HHH000204: Processing PersistenceUnitInfo [name: default]
2023-09-08T09:32:04.670-06:00  INFO 18116 --- [           main] o.h.b.i.BytecodeProviderInitiator        : HHH000021: Bytecode provider name : bytebuddy
2023-09-08T09:32:04.670-06:00  INFO 18116 --- [           main] o.s.o.j.p.SpringPersistenceUnitInfo      : No LoadTimeWeaver setup: ignoring JPA class transformer
2023-09-08T09:32:04.709-06:00  INFO 18116 --- [           main] o.h.b.i.BytecodeProviderInitiator        : HHH000021: Bytecode provider name : bytebuddy
2023-09-08T09:32:04.947-06:00  INFO 18116 --- [           main] o.h.e.t.j.p.i.JtaPlatformInitiator       : HHH000490: Using JtaPlatform implementation: [org.hibernate.engine.transaction.jta.platform.internal.NoJtaPlatform]
2023-09-08T09:32:04.948-06:00  INFO 18116 --- [           main] j.LocalContainerEntityManagerFactoryBean : Initialized JPA EntityManagerFactory for persistence unit 'default'
2023-09-08T09:32:05.217-06:00  INFO 18116 --- [           main] m.v.a.d.medico.MedicoRepositoryTest      : Started MedicoRepositoryTest in 1.169 seconds (process running for 16.76)
Hibernate: 
    insert 
    into
        medicos
        (activo,calle,ciudad,complemento,distrito,numero,documento,email,especialidad,nombre,telefono) 
    values
        (?,?,?,?,?,?,?,?,?,?,?)
Hibernate: 
    insert 
    into
        pacientes
        (activo,calle,ciudad,complemento,distrito,numero,documento,email,nombre,telefono) 
    values
        (?,?,?,?,?,?,?,?,?,?)
Hibernate: 
    insert 
    into
        consultas
        (fecha,medico_id,motivo_cancelamiento,paciente_id) 
    values
        (?,?,?,?)
Hibernate: 
    select
        m1_0.id,
        m1_0.activo,
        m1_0.calle,
        m1_0.ciudad,
        m1_0.complemento,
        m1_0.distrito,
        m1_0.numero,
        m1_0.documento,
        m1_0.email,
        m1_0.especialidad,
        m1_0.nombre,
        m1_0.telefono 
    from
        medicos m1_0 
    where
        m1_0.activo=1 
        and m1_0.especialidad=? 
        and m1_0.id not in(select
            c1_0.medico_id 
        from
            consultas c1_0 
        where
            c1_0.fecha=?) 
    order by
        rand() limit 1
]]></system-out>
  </testcase>
  <testcase name="seleccionarMedicoConEspecialidadEnFechaEscenario2" classname="med.voll.api.domain.medico.MedicoRepositoryTest" time="0.046">
    <system-out><![CDATA[Hibernate: 
    insert 
    into
        medicos
        (activo,calle,ciudad,complemento,distrito,numero,documento,email,especialidad,nombre,telefono) 
    values
        (?,?,?,?,?,?,?,?,?,?,?)
Hibernate: 
    select
        m1_0.id,
        m1_0.activo,
        m1_0.calle,
        m1_0.ciudad,
        m1_0.complemento,
        m1_0.distrito,
        m1_0.numero,
        m1_0.documento,
        m1_0.email,
        m1_0.especialidad,
        m1_0.nombre,
        m1_0.telefono 
    from
        medicos m1_0 
    where
        m1_0.activo=1 
        and m1_0.especialidad=? 
        and m1_0.id not in(select
            c1_0.medico_id 
        from
            consultas c1_0 
        where
            c1_0.fecha=?) 
    order by
        rand() limit 1
]]></system-out>
  </testcase>
</testsuite>